# JRE version: OpenJDK Runtime Environment OpenLogic-OpenJDK (17.0.13+11) (build 17.0.13+11-adhoc..jdk17u)
# Java VM: OpenJDK 64-Bit Server VM OpenLogic-OpenJDK (17.0.13+11-adhoc..jdk17u, mixed mode, sharing, tiered, compressed oops, compressed class ptrs, g1 gc, windows-amd64)
GC Precious Log:
 CPUs: 12 total, 12 available
 Memory: 7521M
 Large Page Support: Disabled
 NUMA Support: Disabled
 Compressed Oops: Enabled (32-bit)
 Heap Region Size: 1M
 Heap Min Capacity: 8M
 Heap Initial Capacity: 118M
 Heap Max Capacity: 2G
 Pre-touch: Disabled
 Parallel Workers: 10
 Concurrent Workers: 3
 Concurrent Refinement Workers: 10
 Periodic GC: Disabled
Heap:
 garbage-first heap   total 157696K, used 119460K [0x0000000080000000, 0x0000000100000000)
  region size 1024K, 10 young (10240K), 3 survivors (3072K)
 Metaspace       used 95749K, committed 96704K, reserved 557056K
  class space    used 13351K, committed 13824K, reserved 425984K
GC Heap History (20 events):
Event: 61.438 GC heap before
{Heap before GC invocations=39 (full 0):
 garbage-first heap   total 157696K, used 128585K [0x0000000080000000, 0x0000000100000000)
  region size 1024K, 34 young (34816K), 5 survivors (5120K)
 Metaspace       used 83091K, committed 84032K, reserved 557056K
  class space    used 11461K, committed 11904K, reserved 425984K
}
Event: 61.442 GC heap after
{Heap after GC invocations=40 (full 0):
 garbage-first heap   total 157696K, used 101452K [0x0000000080000000, 0x0000000100000000)
  region size 1024K, 2 young (2048K), 2 survivors (2048K)
 Metaspace       used 83091K, committed 84032K, reserved 557056K
  class space    used 11461K, committed 11904K, reserved 425984K
}
Event: 62.412 GC heap before
{Heap before GC invocations=40 (full 0):
 garbage-first heap   total 157696K, used 133196K [0x0000000080000000, 0x0000000100000000)
  region size 1024K, 31 young (31744K), 2 survivors (2048K)
 Metaspace       used 84958K, committed 85952K, reserved 557056K
  class space    used 11719K, committed 12224K, reserved 425984K
}
Event: 62.415 GC heap after
{Heap after GC invocations=41 (full 0):
 garbage-first heap   total 157696K, used 104726K [0x0000000080000000, 0x0000000100000000)
  region size 1024K, 3 young (3072K), 3 survivors (3072K)
 Metaspace       used 84958K, committed 85952K, reserved 557056K
  class space    used 11719K, committed 12224K, reserved 425984K
}
Event: 63.099 GC heap before
{Heap before GC invocations=41 (full 0):
 garbage-first heap   total 157696K, used 131350K [0x0000000080000000, 0x0000000100000000)
  region size 1024K, 30 young (30720K), 3 survivors (3072K)
 Metaspace       used 87071K, committed 88064K, reserved 557056K
  class space    used 11998K, committed 12480K, reserved 425984K
}
Event: 63.102 GC heap after
{Heap after GC invocations=42 (full 0):
 garbage-first heap   total 157696K, used 105249K [0x0000000080000000, 0x0000000100000000)
  region size 1024K, 2 young (2048K), 2 survivors (2048K)
 Metaspace       used 87071K, committed 88064K, reserved 557056K
  class space    used 11998K, committed 12480K, reserved 425984K
}
Event: 64.040 GC heap before
{Heap before GC invocations=42 (full 0):
 garbage-first heap   total 157696K, used 133921K [0x0000000080000000, 0x0000000100000000)
  region size 1024K, 30 young (30720K), 2 survivors (2048K)
 Metaspace       used 88905K, committed 89856K, reserved 557056K
  class space    used 12290K, committed 12736K, reserved 425984K
}
Event: 64.043 GC heap after
{Heap after GC invocations=43 (full 0):
 garbage-first heap   total 157696K, used 106419K [0x0000000080000000, 0x0000000100000000)
  region size 1024K, 4 young (4096K), 4 survivors (4096K)
 Metaspace       used 88905K, committed 89856K, reserved 557056K
  class space    used 12290K, committed 12736K, reserved 425984K
}
Event: 64.448 GC heap before
{Heap before GC invocations=43 (full 0):
 garbage-first heap   total 157696K, used 134067K [0x0000000080000000, 0x0000000100000000)
  region size 1024K, 31 young (31744K), 4 survivors (4096K)
 Metaspace       used 89183K, committed 90176K, reserved 557056K
  class space    used 12333K, committed 12800K, reserved 425984K
}
Event: 64.453 GC heap after
{Heap after GC invocations=44 (full 0):
 garbage-first heap   total 157696K, used 108856K [0x0000000080000000, 0x0000000100000000)
  region size 1024K, 4 young (4096K), 4 survivors (4096K)
 Metaspace       used 89183K, committed 90176K, reserved 557056K
  class space    used 12333K, committed 12800K, reserved 425984K
}
Event: 64.666 GC heap before
{Heap before GC invocations=44 (full 0):
 garbage-first heap   total 157696K, used 134456K [0x0000000080000000, 0x0000000100000000)
  region size 1024K, 29 young (29696K), 4 survivors (4096K)
 Metaspace       used 89247K, committed 90176K, reserved 557056K
  class space    used 12340K, committed 12800K, reserved 425984K
}
Event: 64.671 GC heap after
{Heap after GC invocations=45 (full 0):
 garbage-first heap   total 157696K, used 110476K [0x0000000080000000, 0x0000000100000000)
  region size 1024K, 2 young (2048K), 2 survivors (2048K)
 Metaspace       used 89247K, committed 90176K, reserved 557056K
  class space    used 12340K, committed 12800K, reserved 425984K
}
Event: 65.673 GC heap before
{Heap before GC invocations=45 (full 0):
 garbage-first heap   total 157696K, used 134028K [0x0000000080000000, 0x0000000100000000)
  region size 1024K, 25 young (25600K), 2 survivors (2048K)
 Metaspace       used 90835K, committed 91840K, reserved 557056K
  class space    used 12531K, committed 12992K, reserved 425984K
}
Event: 65.676 GC heap after
{Heap after GC invocations=46 (full 0):
 garbage-first heap   total 157696K, used 111194K [0x0000000080000000, 0x0000000100000000)
  region size 1024K, 3 young (3072K), 3 survivors (3072K)
 Metaspace       used 90835K, committed 91840K, reserved 557056K
  class space    used 12531K, committed 12992K, reserved 425984K
}
Event: 66.189 GC heap before
{Heap before GC invocations=46 (full 0):
 garbage-first heap   total 157696K, used 134746K [0x0000000080000000, 0x0000000100000000)
  region size 1024K, 26 young (26624K), 3 survivors (3072K)
 Metaspace       used 92244K, committed 93248K, reserved 557056K
  class space    used 12744K, committed 13248K, reserved 425984K
}
Event: 66.193 GC heap after
{Heap after GC invocations=47 (full 0):
 garbage-first heap   total 157696K, used 112191K [0x0000000080000000, 0x0000000100000000)
  region size 1024K, 2 young (2048K), 2 survivors (2048K)
 Metaspace       used 92244K, committed 93248K, reserved 557056K
  class space    used 12744K, committed 13248K, reserved 425984K
}
Event: 66.914 GC heap before
{Heap before GC invocations=47 (full 0):
 garbage-first heap   total 157696K, used 136767K [0x0000000080000000, 0x0000000100000000)
  region size 1024K, 25 young (25600K), 2 survivors (2048K)
 Metaspace       used 93675K, committed 94656K, reserved 557056K
  class space    used 12957K, committed 13440K, reserved 425984K
}
Event: 66.916 GC heap after
{Heap after GC invocations=48 (full 0):
 garbage-first heap   total 157696K, used 112653K [0x0000000080000000, 0x0000000100000000)
  region size 1024K, 3 young (3072K), 3 survivors (3072K)
 Metaspace       used 93675K, committed 94656K, reserved 557056K
  class space    used 12957K, committed 13440K, reserved 425984K
}
Event: 68.876 GC heap before
{Heap before GC invocations=48 (full 0):
 garbage-first heap   total 157696K, used 136205K [0x0000000080000000, 0x0000000100000000)
  region size 1024K, 26 young (26624K), 3 survivors (3072K)
 Metaspace       used 95292K, committed 96256K, reserved 557056K
  class space    used 13283K, committed 13760K, reserved 425984K
}
Event: 68.883 GC heap after
{Heap after GC invocations=49 (full 0):
 garbage-first heap   total 157696K, used 113316K [0x0000000080000000, 0x0000000100000000)
  region size 1024K, 3 young (3072K), 3 survivors (3072K)
 Metaspace       used 95292K, committed 96256K, reserved 557056K
  class space    used 13283K, committed 13760K, reserved 425984K
}

