# JRE version: OpenJDK Runtime Environment OpenLogic-OpenJDK (17.0.13+11) (build 17.0.13+11-adhoc..jdk17u)
# Java VM: OpenJDK 64-Bit Server VM OpenLogic-OpenJDK (17.0.13+11-adhoc..jdk17u, mixed mode, sharing, tiered, compressed oops, compressed class ptrs, g1 gc, windows-amd64)
GC Precious Log:
 CPUs: 12 total, 12 available
 Memory: 7521M
 Large Page Support: Disabled
 NUMA Support: Disabled
 Compressed Oops: Enabled (32-bit)
 Heap Region Size: 1M
 Heap Min Capacity: 8M
 Heap Initial Capacity: 118M
 Heap Max Capacity: 2G
 Pre-touch: Disabled
 Parallel Workers: 10
 Concurrent Workers: 3
 Concurrent Refinement Workers: 10
 Periodic GC: Disabled
Heap:
 garbage-first heap   total 157696K, used 133455K [0x0000000080000000, 0x0000000100000000)
  region size 1024K, 11 young (11264K), 1 survivors (1024K)
 Metaspace       used 101602K, committed 102720K, reserved 557056K
  class space    used 14124K, committed 14656K, reserved 425984K
GC Heap History (20 events):
Event: 62.752 GC heap before
{Heap before GC invocations=56 (full 0):
 garbage-first heap   total 157696K, used 135191K [0x0000000080000000, 0x0000000100000000)
  region size 1024K, 20 young (20480K), 1 survivors (1024K)
 Metaspace       used 92129K, committed 93120K, reserved 557056K
  class space    used 12716K, committed 13184K, reserved 425984K
}
Event: 62.755 GC heap after
{Heap after GC invocations=57 (full 0):
 garbage-first heap   total 157696K, used 116075K [0x0000000080000000, 0x0000000100000000)
  region size 1024K, 2 young (2048K), 2 survivors (2048K)
 Metaspace       used 92129K, committed 93120K, reserved 557056K
  class space    used 12716K, committed 13184K, reserved 425984K
}
Event: 63.221 GC heap before
{Heap before GC invocations=57 (full 0):
 garbage-first heap   total 157696K, used 135531K [0x0000000080000000, 0x0000000100000000)
  region size 1024K, 21 young (21504K), 2 survivors (2048K)
 Metaspace       used 93268K, committed 94272K, reserved 557056K
  class space    used 12871K, committed 13376K, reserved 425984K
}
Event: 63.224 GC heap after
{Heap after GC invocations=58 (full 0):
 garbage-first heap   total 157696K, used 116568K [0x0000000080000000, 0x0000000100000000)
  region size 1024K, 2 young (2048K), 2 survivors (2048K)
 Metaspace       used 93268K, committed 94272K, reserved 557056K
  class space    used 12871K, committed 13376K, reserved 425984K
}
Event: 63.921 GC heap before
{Heap before GC invocations=58 (full 0):
 garbage-first heap   total 157696K, used 136024K [0x0000000080000000, 0x0000000100000000)
  region size 1024K, 21 young (21504K), 2 survivors (2048K)
 Metaspace       used 94598K, committed 95616K, reserved 557056K
  class space    used 13132K, committed 13632K, reserved 425984K
}
Event: 63.924 GC heap after
{Heap after GC invocations=59 (full 0):
 garbage-first heap   total 157696K, used 117010K [0x0000000080000000, 0x0000000100000000)
  region size 1024K, 2 young (2048K), 2 survivors (2048K)
 Metaspace       used 94598K, committed 95616K, reserved 557056K
  class space    used 13132K, committed 13632K, reserved 425984K
}
Event: 64.331 GC heap before
{Heap before GC invocations=59 (full 0):
 garbage-first heap   total 157696K, used 137490K [0x0000000080000000, 0x0000000100000000)
  region size 1024K, 22 young (22528K), 2 survivors (2048K)
 Metaspace       used 96024K, committed 97024K, reserved 557056K
  class space    used 13397K, committed 13888K, reserved 425984K
}
Event: 64.335 GC heap after
{Heap after GC invocations=60 (full 0):
 garbage-first heap   total 157696K, used 117839K [0x0000000080000000, 0x0000000100000000)
  region size 1024K, 2 young (2048K), 2 survivors (2048K)
 Metaspace       used 96024K, committed 97024K, reserved 557056K
  class space    used 13397K, committed 13888K, reserved 425984K
}
Event: 64.871 GC heap before
{Heap before GC invocations=60 (full 0):
 garbage-first heap   total 157696K, used 136271K [0x0000000080000000, 0x0000000100000000)
  region size 1024K, 21 young (21504K), 2 survivors (2048K)
 Metaspace       used 97450K, committed 98432K, reserved 557056K
  class space    used 13565K, committed 14016K, reserved 425984K
}
Event: 64.875 GC heap after
{Heap after GC invocations=61 (full 0):
 garbage-first heap   total 157696K, used 118337K [0x0000000080000000, 0x0000000100000000)
  region size 1024K, 2 young (2048K), 2 survivors (2048K)
 Metaspace       used 97450K, committed 98432K, reserved 557056K
  class space    used 13565K, committed 14016K, reserved 425984K
}
Event: 65.653 GC heap before
{Heap before GC invocations=61 (full 0):
 garbage-first heap   total 157696K, used 137793K [0x0000000080000000, 0x0000000100000000)
  region size 1024K, 21 young (21504K), 2 survivors (2048K)
 Metaspace       used 98531K, committed 99584K, reserved 557056K
  class space    used 13698K, committed 14208K, reserved 425984K
}
Event: 65.657 GC heap after
{Heap after GC invocations=62 (full 0):
 garbage-first heap   total 157696K, used 119064K [0x0000000080000000, 0x0000000100000000)
  region size 1024K, 3 young (3072K), 3 survivors (3072K)
 Metaspace       used 98531K, committed 99584K, reserved 557056K
  class space    used 13698K, committed 14208K, reserved 425984K
}
Event: 66.110 GC heap before
{Heap before GC invocations=62 (full 0):
 garbage-first heap   total 157696K, used 136472K [0x0000000080000000, 0x0000000100000000)
  region size 1024K, 20 young (20480K), 3 survivors (3072K)
 Metaspace       used 99586K, committed 100544K, reserved 557056K
  class space    used 13848K, committed 14336K, reserved 425984K
}
Event: 66.115 GC heap after
{Heap after GC invocations=63 (full 0):
 garbage-first heap   total 157696K, used 119727K [0x0000000080000000, 0x0000000100000000)
  region size 1024K, 2 young (2048K), 2 survivors (2048K)
 Metaspace       used 99586K, committed 100544K, reserved 557056K
  class space    used 13848K, committed 14336K, reserved 425984K
}
Event: 66.685 GC heap before
{Heap before GC invocations=63 (full 0):
 garbage-first heap   total 157696K, used 137135K [0x0000000080000000, 0x0000000100000000)
  region size 1024K, 19 young (19456K), 2 survivors (2048K)
 Metaspace       used 100387K, committed 101440K, reserved 557056K
  class space    used 13967K, committed 14464K, reserved 425984K
}
Event: 66.688 GC heap after
{Heap after GC invocations=64 (full 0):
 garbage-first heap   total 157696K, used 121375K [0x0000000080000000, 0x0000000100000000)
  region size 1024K, 3 young (3072K), 3 survivors (3072K)
 Metaspace       used 100387K, committed 101440K, reserved 557056K
  class space    used 13967K, committed 14464K, reserved 425984K
}
Event: 67.028 GC heap before
{Heap before GC invocations=64 (full 0):
 garbage-first heap   total 157696K, used 137759K [0x0000000080000000, 0x0000000100000000)
  region size 1024K, 19 young (19456K), 3 survivors (3072K)
 Metaspace       used 100549K, committed 101632K, reserved 557056K
  class space    used 13997K, committed 14528K, reserved 425984K
}
Event: 67.032 GC heap after
{Heap after GC invocations=65 (full 0):
 garbage-first heap   total 157696K, used 123489K [0x0000000080000000, 0x0000000100000000)
  region size 1024K, 3 young (3072K), 3 survivors (3072K)
 Metaspace       used 100549K, committed 101632K, reserved 557056K
  class space    used 13997K, committed 14528K, reserved 425984K
}
Event: 67.425 GC heap before
{Heap before GC invocations=65 (full 0):
 garbage-first heap   total 157696K, used 135777K [0x0000000080000000, 0x0000000100000000)
  region size 1024K, 15 young (15360K), 3 survivors (3072K)
 Metaspace       used 101283K, committed 102336K, reserved 557056K
  class space    used 14079K, committed 14592K, reserved 425984K
}
Event: 67.428 GC heap after
{Heap after GC invocations=66 (full 0):
 garbage-first heap   total 157696K, used 124239K [0x0000000080000000, 0x0000000100000000)
  region size 1024K, 1 young (1024K), 1 survivors (1024K)
 Metaspace       used 101283K, committed 102336K, reserved 557056K
  class space    used 14079K, committed 14592K, reserved 425984K
}

