# JRE version: OpenJDK Runtime Environment OpenLogic-OpenJDK (17.0.13+11) (build 17.0.13+11-adhoc..jdk17u)
# Java VM: OpenJDK 64-Bit Server VM OpenLogic-OpenJDK (17.0.13+11-adhoc..jdk17u, mixed mode, sharing, tiered, compressed oops, compressed class ptrs, g1 gc, windows-amd64)
GC Precious Log:
 CPUs: 12 total, 12 available
 Memory: 7521M
 Large Page Support: Disabled
 NUMA Support: Disabled
 Compressed Oops: Enabled (32-bit)
 Heap Region Size: 1M
 Heap Min Capacity: 8M
 Heap Initial Capacity: 118M
 Heap Max Capacity: 2G
 Pre-touch: Disabled
 Parallel Workers: 10
 Concurrent Workers: 3
 Concurrent Refinement Workers: 10
 Periodic GC: Disabled
Heap:
 garbage-first heap   total 257024K, used 200239K [0x0000000080000000, 0x0000000100000000)
  region size 1024K, 96 young (98304K), 9 survivors (9216K)
 Metaspace       used 101632K, committed 102720K, reserved 557056K
  class space    used 14136K, committed 14656K, reserved 425984K
GC Heap History (20 events):
Event: 47.185 GC heap before
{Heap before GC invocations=34 (full 0):
 garbage-first heap   total 153600K, used 85525K [0x0000000080000000, 0x0000000100000000)
  region size 1024K, 7 young (7168K), 5 survivors (5120K)
 Metaspace       used 72849K, committed 73792K, reserved 491520K
  class space    used 10284K, committed 10752K, reserved 425984K
}
Event: 47.188 GC heap after
{Heap after GC invocations=35 (full 0):
 garbage-first heap   total 153600K, used 81739K [0x0000000080000000, 0x0000000100000000)
  region size 1024K, 1 young (1024K), 1 survivors (1024K)
 Metaspace       used 72849K, committed 73792K, reserved 491520K
  class space    used 10284K, committed 10752K, reserved 425984K
}
Event: 48.048 GC heap before
{Heap before GC invocations=35 (full 0):
 garbage-first heap   total 153600K, used 121675K [0x0000000080000000, 0x0000000100000000)
  region size 1024K, 41 young (41984K), 1 survivors (1024K)
 Metaspace       used 72856K, committed 73792K, reserved 491520K
  class space    used 10284K, committed 10752K, reserved 425984K
}
Event: 48.051 GC heap after
{Heap after GC invocations=36 (full 0):
 garbage-first heap   total 153600K, used 84461K [0x0000000080000000, 0x0000000100000000)
  region size 1024K, 4 young (4096K), 4 survivors (4096K)
 Metaspace       used 72856K, committed 73792K, reserved 491520K
  class space    used 10284K, committed 10752K, reserved 425984K
}
Event: 48.999 GC heap before
{Heap before GC invocations=37 (full 0):
 garbage-first heap   total 153600K, used 126445K [0x0000000080000000, 0x0000000100000000)
  region size 1024K, 42 young (43008K), 4 survivors (4096K)
 Metaspace       used 72888K, committed 73856K, reserved 491520K
  class space    used 10287K, committed 10752K, reserved 425984K
}
Event: 49.004 GC heap after
{Heap after GC invocations=38 (full 0):
 garbage-first heap   total 153600K, used 93207K [0x0000000080000000, 0x0000000100000000)
  region size 1024K, 6 young (6144K), 6 survivors (6144K)
 Metaspace       used 72888K, committed 73856K, reserved 491520K
  class space    used 10287K, committed 10752K, reserved 425984K
}
Event: 49.054 GC heap before
{Heap before GC invocations=38 (full 0):
 garbage-first heap   total 153600K, used 95255K [0x0000000080000000, 0x0000000100000000)
  region size 1024K, 7 young (7168K), 6 survivors (6144K)
 Metaspace       used 72890K, committed 73856K, reserved 491520K
  class space    used 10287K, committed 10752K, reserved 425984K
}
Event: 49.057 GC heap after
{Heap after GC invocations=39 (full 0):
 garbage-first heap   total 153600K, used 89815K [0x0000000080000000, 0x0000000100000000)
  region size 1024K, 1 young (1024K), 1 survivors (1024K)
 Metaspace       used 72890K, committed 73856K, reserved 491520K
  class space    used 10287K, committed 10752K, reserved 425984K
}
Event: 50.219 GC heap before
{Heap before GC invocations=39 (full 0):
 garbage-first heap   total 153600K, used 123607K [0x0000000080000000, 0x0000000100000000)
  region size 1024K, 33 young (33792K), 1 survivors (1024K)
 Metaspace       used 74825K, committed 75776K, reserved 491520K
  class space    used 10535K, committed 11008K, reserved 425984K
}
Event: 50.224 GC heap after
{Heap after GC invocations=40 (full 0):
 garbage-first heap   total 257024K, used 94538K [0x0000000080000000, 0x0000000100000000)
  region size 1024K, 4 young (4096K), 4 survivors (4096K)
 Metaspace       used 74825K, committed 75776K, reserved 491520K
  class space    used 10535K, committed 11008K, reserved 425984K
}
Event: 52.211 GC heap before
{Heap before GC invocations=41 (full 0):
 garbage-first heap   total 257024K, used 186698K [0x0000000080000000, 0x0000000100000000)
  region size 1024K, 89 young (91136K), 4 survivors (4096K)
 Metaspace       used 81798K, committed 82752K, reserved 557056K
  class space    used 11298K, committed 11776K, reserved 425984K
}
Event: 52.219 GC heap after
{Heap after GC invocations=42 (full 0):
 garbage-first heap   total 257024K, used 100379K [0x0000000080000000, 0x0000000100000000)
  region size 1024K, 9 young (9216K), 9 survivors (9216K)
 Metaspace       used 81798K, committed 82752K, reserved 557056K
  class space    used 11298K, committed 11776K, reserved 425984K
}
Event: 52.271 GC heap before
{Heap before GC invocations=42 (full 0):
 garbage-first heap   total 257024K, used 103451K [0x0000000080000000, 0x0000000100000000)
  region size 1024K, 12 young (12288K), 9 survivors (9216K)
 Metaspace       used 81974K, committed 82880K, reserved 557056K
  class space    used 11319K, committed 11776K, reserved 425984K
}
Event: 52.277 GC heap after
{Heap after GC invocations=43 (full 0):
 garbage-first heap   total 257024K, used 98764K [0x0000000080000000, 0x0000000100000000)
  region size 1024K, 1 young (1024K), 1 survivors (1024K)
 Metaspace       used 81974K, committed 82880K, reserved 557056K
  class space    used 11319K, committed 11776K, reserved 425984K
}
Event: 55.350 GC heap before
{Heap before GC invocations=43 (full 0):
 garbage-first heap   total 257024K, used 198092K [0x0000000080000000, 0x0000000100000000)
  region size 1024K, 96 young (98304K), 1 survivors (1024K)
 Metaspace       used 88405K, committed 89344K, reserved 557056K
  class space    used 12219K, committed 12672K, reserved 425984K
}
Event: 55.354 GC heap after
{Heap after GC invocations=44 (full 0):
 garbage-first heap   total 257024K, used 103722K [0x0000000080000000, 0x0000000100000000)
  region size 1024K, 4 young (4096K), 4 survivors (4096K)
 Metaspace       used 88405K, committed 89344K, reserved 557056K
  class space    used 12219K, committed 12672K, reserved 425984K
}
Event: 57.700 GC heap before
{Heap before GC invocations=44 (full 0):
 garbage-first heap   total 257024K, used 201002K [0x0000000080000000, 0x0000000100000000)
  region size 1024K, 99 young (101376K), 4 survivors (4096K)
 Metaspace       used 91618K, committed 92608K, reserved 557056K
  class space    used 12665K, committed 13120K, reserved 425984K
}
Event: 57.706 GC heap after
{Heap after GC invocations=45 (full 0):
 garbage-first heap   total 257024K, used 109439K [0x0000000080000000, 0x0000000100000000)
  region size 1024K, 10 young (10240K), 10 survivors (10240K)
 Metaspace       used 91618K, committed 92608K, reserved 557056K
  class space    used 12665K, committed 13120K, reserved 425984K
}
Event: 60.182 GC heap before
{Heap before GC invocations=45 (full 0):
 garbage-first heap   total 257024K, used 203647K [0x0000000080000000, 0x0000000100000000)
  region size 1024K, 101 young (103424K), 10 survivors (10240K)
 Metaspace       used 97678K, committed 98624K, reserved 557056K
  class space    used 13602K, committed 14080K, reserved 425984K
}
Event: 60.190 GC heap after
{Heap after GC invocations=46 (full 0):
 garbage-first heap   total 257024K, used 112175K [0x0000000080000000, 0x0000000100000000)
  region size 1024K, 9 young (9216K), 9 survivors (9216K)
 Metaspace       used 97678K, committed 98624K, reserved 557056K
  class space    used 13602K, committed 14080K, reserved 425984K
}

